  Source.cpp
C:\Users\HP\Desktop\классы\Project13\Ex1.h(39,13): warning C4834: отмена возвращаемого значения функции с атрибутом "nodiscard"
C:\Program Files\Microsoft Visual Studio\2022\Community\VC\Tools\MSVC\14.34.31933\include\xutility(1092,19): error C3889: вызов объекта типа класса "std::less<void>": не найден соответствующий оператор вызова
C:\Program Files\Microsoft Visual Studio\2022\Community\VC\Tools\MSVC\14.34.31933\include\xstddef(246,31): message : может быть "unknown-type std::less<void>::operator ()(_Ty1 &&,_Ty2 &&) noexcept(<expr>) const"
C:\Program Files\Microsoft Visual Studio\2022\Community\VC\Tools\MSVC\14.34.31933\include\xutility(1092,19): message : Сбой при специализации функции-шаблона "unknown-type std::less<void>::operator ()(_Ty1 &&,_Ty2 &&) noexcept(<expr>) const"
C:\Program Files\Microsoft Visual Studio\2022\Community\VC\Tools\MSVC\14.34.31933\include\xutility(1092,19): message : Со следующими аргументами шаблона:
C:\Program Files\Microsoft Visual Studio\2022\Community\VC\Tools\MSVC\14.34.31933\include\xutility(1092,19): message : "_Ty1=Pair &"
C:\Program Files\Microsoft Visual Studio\2022\Community\VC\Tools\MSVC\14.34.31933\include\xutility(1092,19): message : "_Ty2=Pair &"
C:\Program Files\Microsoft Visual Studio\2022\Community\VC\Tools\MSVC\14.34.31933\include\xutility(1091,16): message : выполняется компиляция ссылки на экземпляр шаблон функции "bool std::_Debug_lt_pred<_Pr&,Pair&,Pair&,0>(std::less<void>&,_Ty1,_Ty2) noexcept(<expr>)"
          with
          [
              _Pr=std::less<void>,
              _Ty1=Pair &,
              _Ty2=Pair &
          ]
C:\Program Files\Microsoft Visual Studio\2022\Community\VC\Tools\MSVC\14.34.31933\include\algorithm(9584,1): message : выполняется компиляция ссылки на экземпляр шаблон функции "_FwdIt std::_Min_element_unchecked<std::_List_unchecked_iterator<std::_List_val<std::_List_simple_types<_Ty>>>,_Fn>(_FwdIt,_FwdIt,_Pr)"
          with
          [
              _FwdIt=std::_List_unchecked_iterator<std::_List_val<std::_List_simple_types<Pair>>>,
              _Ty=Pair,
              _Fn=std::less<void>,
              _Pr=std::less<void>
          ]
C:\Program Files\Microsoft Visual Studio\2022\Community\VC\Tools\MSVC\14.34.31933\include\algorithm(9591,70): message : выполняется компиляция ссылки на экземпляр шаблон функции "_FwdIt std::min_element<_FwdIt,std::less<void>>(_FwdIt,_FwdIt,_Pr)"
          with
          [
              _FwdIt=std::_List_iterator<std::_List_val<std::_List_simple_types<Pair>>>,
              _Pr=std::less<void>
          ]
C:\Users\HP\Desktop\классы\Project13\Ex1.h(39,36): message : выполняется компиляция ссылки на экземпляр шаблон функции "_FwdIt std::min_element<std::_List_iterator<std::_List_val<std::_List_simple_types<_Ty>>>>(_FwdIt,_FwdIt)"
          with
          [
              _FwdIt=std::_List_iterator<std::_List_val<std::_List_simple_types<Pair>>>,
              _Ty=Pair
          ]
